Grammar

    0 $accept: program $end

    1 program: header declarations subprograms comp_statement T_DOT

    2 header: T_PROGRAM T_ID T_SEMI

    3 declarations: constdefs typedefs vardefs

    4 constdefs: T_CONST constant_defs T_SEMI
    5          | %empty

    6 constant_defs: constant_defs T_SEMI T_ID T_EQU expression
    7              | T_ID T_EQU expression

    8 expression: expression T_RELOP expression
    9           | expression T_EQU expression
   10           | expression T_OROP expression
   11           | expression T_ADDOP expression
   12           | expression T_MULDIVANDOP expression
   13           | T_ADDOP expression
   14           | T_NOTOP expression
   15           | variable
   16           | T_ID T_LPAREN expressions T_RPAREN
   17           | T_LENGTH T_LPAREN expression T_RPAREN
   18           | constant
   19           | T_LPAREN expression T_RPAREN

   20 variable: T_ID
   21         | variable T_LBRACK expressions T_RBRACK

   22 expressions: expressions T_COMMA expression
   23            | expression

   24 constant: T_ICONST
   25         | T_RCONST
   26         | T_BCONST
   27         | T_CCONST
   28         | T_SCONST

   29 typedefs: T_TYPE type_defs T_SEMI
   30         | %empty

   31 type_defs: type_defs T_SEMI T_ID T_EQU type_def
   32          | T_ID T_EQU type_def

   33 type_def: T_ARRAY T_LBRACK dims T_RBRACK T_OF typename
   34         | T_LPAREN identifiers T_RPAREN
   35         | limit T_DOTDOT limit

   36 dims: dims T_COMMA limits
   37     | limits

   38 limits: limit T_DOTDOT limit
   39       | T_ID

   40 limit: sign T_ICONST
   41      | T_CCONST
   42      | T_BCONST
   43      | T_ADDOP T_ID
   44      | T_ID

   45 sign: T_ADDOP
   46     | %empty

   47 typename: T_INTEGER
   48         | T_REAL
   49         | T_BOOLEAN
   50         | T_CHAR
   51         | T_STRING
   52         | T_ID

   53 vardefs: T_VAR variable_defs T_SEMI
   54        | %empty

   55 variable_defs: variable_defs T_SEMI identifiers T_COLON typename
   56              | identifiers T_COLON typename

   57 identifiers: T_ID
   58            | identifiers T_COMMA T_ID

   59 subprograms: subprograms subprogram T_SEMI
   60            | %empty

   61 subprogram: sub_header T_SEMI T_FORWARD
   62           | sub_header T_SEMI declarations subprograms comp_statement

   63 sub_header: T_FUNCTION T_ID formal_parameters T_COLON typename
   64           | T_PROCEDURE T_ID formal_parameters
   65           | T_FUNCTION

   66 formal_parameters: T_LPAREN parameter_list T_RPAREN
   67                  | %empty

   68 parameter_list: parameter_list T_SEMI pass identifiers T_COLON typename
   69               | pass identifiers T_COLON typename

   70 pass: T_VAR
   71     | %empty

   72 comp_statement: T_BEGIN statements T_END

   73 statements: statements T_SEMI statement
   74           | statement

   75 statement: assignment
   76          | if_statement
   77          | while_statement
   78          | for_statement
   79          | subprogram_call
   80          | io_statement
   81          | comp_statement
   82          | %empty

   83 assignment: variable T_ASSIGN expression

   84 if_statement: T_IF expression T_THEN statement T_SEMI
   85             | T_IF expression T_THEN statement T_SEMI T_ELSE statement
   86             | error

   87 $@1: %empty

   88 while_statement: T_WHILE expression $@1 T_DO statement

   89 $@2: %empty

   90 for_statement: T_FOR T_ID T_ASSIGN iter_space $@2 T_DO statement

   91 iter_space: expression T_TO expression
   92           | expression T_DOWNTO expression

   93 subprogram_call: T_ID
   94                | T_ID T_LPAREN expression T_RPAREN

   95 io_statement: T_READ T_LPAREN read_list T_RPAREN
   96             | T_WRITE T_LPAREN write_list T_RPAREN

   97 read_list: read_list T_COMMA read_item
   98          | read_item

   99 read_item: variable

  100 write_list: write_list T_COMMA write_item
  101           | write_item
  102           | %empty

  103 write_item: expression


Terminals, with rules where they appear

    $end (0) 0
    error (256) 86
    T_PROGRAM <string> (258) 2
    T_CONST <string> (259) 4
    T_TYPE <string> (260) 29
    T_ARRAY <string> (261) 33
    T_OF <string> (262) 33
    T_VAR <string> (263) 53 70
    T_FORWARD <string> (264) 61
    T_FUNCTION <string> (265) 63 65
    T_PROCEDURE <string> (266) 64
    T_INTEGER <string> (267) 47
    T_REAL <string> (268) 48
    T_BOOLEAN <string> (269) 49
    T_CHAR <string> (270) 50
    T_STRING <string> (271) 51
    T_BEGIN <string> (272) 72
    T_END <string> (273) 72
    T_IF <string> (274) 84 85
    T_THEN <string> (275) 84 85
    T_ELSE <string> (276) 85
    T_WHILE <string> (277) 88
    T_DO <string> (278) 88 90
    T_FOR <string> (279) 90
    T_DOWNTO <string> (280) 92
    T_TO <string> (281) 91
    T_READ <string> (282) 95
    T_WRITE <string> (283) 96
    T_LENGTH <string> (284) 17
    T_ID <string> (285) 2 6 7 16 20 31 32 39 43 44 52 57 58 63 64 90 93 94
    T_SCONST <string> (286) 28
    T_ICONST <integer> (287) 24 40
    T_RCONST <real> (288) 25
    T_BCONST <boolean> (289) 26 42
    T_CCONST <character> (290) 27 41
    T_RELOP <string> (291) 8
    T_ADDOP <string> (292) 11 13 43 45
    T_OROP <string> (293) 10
    T_MULDIVANDOP <string> (294) 12
    T_NOTOP <string> (295) 14
    T_LPAREN <string> (296) 16 17 19 34 66 94 95 96
    T_RPAREN <string> (297) 16 17 19 34 66 94 95 96
    T_SEMI <string> (298) 2 4 6 29 31 53 55 59 61 62 68 73 84 85
    T_DOT <string> (299) 1
    T_COMMA <string> (300) 22 36 58 97 100
    T_COLON <string> (301) 55 56 63 68 69
    T_LBRACK <string> (302) 21 33
    T_RBRACK <string> (303) 21 33
    T_ASSIGN <string> (304) 83 90
    T_DOTDOT <string> (305) 35 38
    T_EQU <string> (306) 6 7 9 31 32


Nonterminals, with rules where they appear

    $accept (52)
        on left: 0
    program (53)
        on left: 1
        on right: 0
    header (54)
        on left: 2
        on right: 1
    declarations (55)
        on left: 3
        on right: 1 62
    constdefs (56)
        on left: 4 5
        on right: 3
    constant_defs (57)
        on left: 6 7
        on right: 4 6
    expression <string> (58)
        on left: 8 9 10 11 12 13 14 15 16 17 18 19
        on right: 6 7 8 9 10 11 12 13 14 17 19 22 23 83 84 85 88 91 92 94 103
    variable <string> (59)
        on left: 20 21
        on right: 15 21 83 99
    expressions (60)
        on left: 22 23
        on right: 16 21 22
    constant <integer> (61)
        on left: 24 25 26 27 28
        on right: 18
    typedefs (62)
        on left: 29 30
        on right: 3
    type_defs <string> (63)
        on left: 31 32
        on right: 29 31
    type_def (64)
        on left: 33 34 35
        on right: 31 32
    dims (65)
        on left: 36 37
        on right: 33 36
    limits (66)
        on left: 38 39
        on right: 36 37
    limit (67)
        on left: 40 41 42 43 44
        on right: 35 38
    sign (68)
        on left: 45 46
        on right: 40
    typename <string> (69)
        on left: 47 48 49 50 51 52
        on right: 33 55 56 63 68 69
    vardefs (70)
        on left: 53 54
        on right: 3
    variable_defs (71)
        on left: 55 56
        on right: 53 55
    identifiers <string> (72)
        on left: 57 58
        on right: 34 55 56 58 68 69
    subprograms (73)
        on left: 59 60
        on right: 1 59 62
    subprogram (74)
        on left: 61 62
        on right: 59
    sub_header (75)
        on left: 63 64 65
        on right: 61 62
    formal_parameters (76)
        on left: 66 67
        on right: 63 64
    parameter_list (77)
        on left: 68 69
        on right: 66 68
    pass (78)
        on left: 70 71
        on right: 68 69
    comp_statement (79)
        on left: 72
        on right: 1 62 81
    statements (80)
        on left: 73 74
        on right: 72 73
    statement (81)
        on left: 75 76 77 78 79 80 81 82
        on right: 73 74 84 85 88 90
    assignment <string> (82)
        on left: 83
        on right: 75
    if_statement (83)
        on left: 84 85 86
        on right: 76
    while_statement (84)
        on left: 88
        on right: 77
    $@1 (85)
        on left: 87
        on right: 88
    for_statement (86)
        on left: 90
        on right: 78
    $@2 (87)
        on left: 89
        on right: 90
    iter_space <string> (88)
        on left: 91 92
        on right: 90
    subprogram_call (89)
        on left: 93 94
        on right: 79
    io_statement (90)
        on left: 95 96
        on right: 80
    read_list (91)
        on left: 97 98
        on right: 95 97
    read_item <string> (92)
        on left: 99
        on right: 97 98
    write_list (93)
        on left: 100 101 102
        on right: 96 100
    write_item (94)
        on left: 103
        on right: 100 101


State 0

    0 $accept: . program $end

    T_PROGRAM  shift, and go to state 1

    program  go to state 2
    header   go to state 3


State 1

    2 header: T_PROGRAM . T_ID T_SEMI

    T_ID  shift, and go to state 4


State 2

    0 $accept: program . $end

    $end  shift, and go to state 5


State 3

    1 program: header . declarations subprograms comp_statement T_DOT

    T_CONST  shift, and go to state 6

    $default  reduce using rule 5 (constdefs)

    declarations  go to state 7
    constdefs     go to state 8


State 4

    2 header: T_PROGRAM T_ID . T_SEMI

    T_SEMI  shift, and go to state 9


State 5

    0 $accept: program $end .

    $default  accept


State 6

    4 constdefs: T_CONST . constant_defs T_SEMI

    T_ID  shift, and go to state 10

    constant_defs  go to state 11


State 7

    1 program: header declarations . subprograms comp_statement T_DOT

    $default  reduce using rule 60 (subprograms)

    subprograms  go to state 12


State 8

    3 declarations: constdefs . typedefs vardefs

    T_TYPE  shift, and go to state 13

    $default  reduce using rule 30 (typedefs)

    typedefs  go to state 14


State 9

    2 header: T_PROGRAM T_ID T_SEMI .

    $default  reduce using rule 2 (header)


State 10

    7 constant_defs: T_ID . T_EQU expression

    T_EQU  shift, and go to state 15


State 11

    4 constdefs: T_CONST constant_defs . T_SEMI
    6 constant_defs: constant_defs . T_SEMI T_ID T_EQU expression

    T_SEMI  shift, and go to state 16


State 12

    1 program: header declarations subprograms . comp_statement T_DOT
   59 subprograms: subprograms . subprogram T_SEMI

    T_FUNCTION   shift, and go to state 17
    T_PROCEDURE  shift, and go to state 18
    T_BEGIN      shift, and go to state 19

    subprogram      go to state 20
    sub_header      go to state 21
    comp_statement  go to state 22


State 13

   29 typedefs: T_TYPE . type_defs T_SEMI

    T_ID  shift, and go to state 23

    type_defs  go to state 24


State 14

    3 declarations: constdefs typedefs . vardefs

    T_VAR  shift, and go to state 25

    $default  reduce using rule 54 (vardefs)

    vardefs  go to state 26


State 15

    7 constant_defs: T_ID T_EQU . expression

    T_LENGTH  shift, and go to state 27
    T_ID      shift, and go to state 28
    T_SCONST  shift, and go to state 29
    T_ICONST  shift, and go to state 30
    T_RCONST  shift, and go to state 31
    T_BCONST  shift, and go to state 32
    T_CCONST  shift, and go to state 33
    T_ADDOP   shift, and go to state 34
    T_NOTOP   shift, and go to state 35
    T_LPAREN  shift, and go to state 36

    expression  go to state 37
    variable    go to state 38
    constant    go to state 39


State 16

    4 constdefs: T_CONST constant_defs T_SEMI .
    6 constant_defs: constant_defs T_SEMI . T_ID T_EQU expression

    T_ID  shift, and go to state 40

    $default  reduce using rule 4 (constdefs)


State 17

   63 sub_header: T_FUNCTION . T_ID formal_parameters T_COLON typename
   65           | T_FUNCTION .

    T_ID  shift, and go to state 41

    $default  reduce using rule 65 (sub_header)


State 18

   64 sub_header: T_PROCEDURE . T_ID formal_parameters

    T_ID  shift, and go to state 42


State 19

   72 comp_statement: T_BEGIN . statements T_END

    error    shift, and go to state 43
    T_BEGIN  shift, and go to state 19
    T_IF     shift, and go to state 44
    T_WHILE  shift, and go to state 45
    T_FOR    shift, and go to state 46
    T_READ   shift, and go to state 47
    T_WRITE  shift, and go to state 48
    T_ID     shift, and go to state 49

    T_END   reduce using rule 82 (statement)
    T_SEMI  reduce using rule 82 (statement)

    variable         go to state 50
    comp_statement   go to state 51
    statements       go to state 52
    statement        go to state 53
    assignment       go to state 54
    if_statement     go to state 55
    while_statement  go to state 56
    for_statement    go to state 57
    subprogram_call  go to state 58
    io_statement     go to state 59


State 20

   59 subprograms: subprograms subprogram . T_SEMI

    T_SEMI  shift, and go to state 60


State 21

   61 subprogram: sub_header . T_SEMI T_FORWARD
   62           | sub_header . T_SEMI declarations subprograms comp_statement

    T_SEMI  shift, and go to state 61


State 22

    1 program: header declarations subprograms comp_statement . T_DOT

    T_DOT  shift, and go to state 62


State 23

   32 type_defs: T_ID . T_EQU type_def

    T_EQU  shift, and go to state 63


State 24

   29 typedefs: T_TYPE type_defs . T_SEMI
   31 type_defs: type_defs . T_SEMI T_ID T_EQU type_def

    T_SEMI  shift, and go to state 64


State 25

   53 vardefs: T_VAR . variable_defs T_SEMI

    T_ID  shift, and go to state 65

    variable_defs  go to state 66
    identifiers    go to state 67


State 26

    3 declarations: constdefs typedefs vardefs .

    $default  reduce using rule 3 (declarations)


State 27

   17 expression: T_LENGTH . T_LPAREN expression T_RPAREN

    T_LPAREN  shift, and go to state 68


State 28

   16 expression: T_ID . T_LPAREN expressions T_RPAREN
   20 variable: T_ID .

    T_LPAREN  shift, and go to state 69

    $default  reduce using rule 20 (variable)


State 29

   28 constant: T_SCONST .

    $default  reduce using rule 28 (constant)


State 30

   24 constant: T_ICONST .

    $default  reduce using rule 24 (constant)


State 31

   25 constant: T_RCONST .

    $default  reduce using rule 25 (constant)


State 32

   26 constant: T_BCONST .

    $default  reduce using rule 26 (constant)


State 33

   27 constant: T_CCONST .

    $default  reduce using rule 27 (constant)


State 34

   13 expression: T_ADDOP . expression

    T_LENGTH  shift, and go to state 27
    T_ID      shift, and go to state 28
    T_SCONST  shift, and go to state 29
    T_ICONST  shift, and go to state 30
    T_RCONST  shift, and go to state 31
    T_BCONST  shift, and go to state 32
    T_CCONST  shift, and go to state 33
    T_ADDOP   shift, and go to state 34
    T_NOTOP   shift, and go to state 35
    T_LPAREN  shift, and go to state 36

    expression  go to state 70
    variable    go to state 38
    constant    go to state 39


State 35

   14 expression: T_NOTOP . expression

    T_LENGTH  shift, and go to state 27
    T_ID      shift, and go to state 28
    T_SCONST  shift, and go to state 29
    T_ICONST  shift, and go to state 30
    T_RCONST  shift, and go to state 31
    T_BCONST  shift, and go to state 32
    T_CCONST  shift, and go to state 33
    T_ADDOP   shift, and go to state 34
    T_NOTOP   shift, and go to state 35
    T_LPAREN  shift, and go to state 36

    expression  go to state 71
    variable    go to state 38
    constant    go to state 39


State 36

   19 expression: T_LPAREN . expression T_RPAREN

    T_LENGTH  shift, and go to state 27
    T_ID      shift, and go to state 28
    T_SCONST  shift, and go to state 29
    T_ICONST  shift, and go to state 30
    T_RCONST  shift, and go to state 31
    T_BCONST  shift, and go to state 32
    T_CCONST  shift, and go to state 33
    T_ADDOP   shift, and go to state 34
    T_NOTOP   shift, and go to state 35
    T_LPAREN  shift, and go to state 36

    expression  go to state 72
    variable    go to state 38
    constant    go to state 39


State 37

    7 constant_defs: T_ID T_EQU expression .
    8 expression: expression . T_RELOP expression
    9           | expression . T_EQU expression
   10           | expression . T_OROP expression
   11           | expression . T_ADDOP expression
   12           | expression . T_MULDIVANDOP expression

    T_RELOP        shift, and go to state 73
    T_ADDOP        shift, and go to state 74
    T_OROP         shift, and go to state 75
    T_MULDIVANDOP  shift, and go to state 76
    T_EQU          shift, and go to state 77

    $default  reduce using rule 7 (constant_defs)


State 38

   15 expression: variable .
   21 variable: variable . T_LBRACK expressions T_RBRACK

    T_LBRACK  shift, and go to state 78

    $default  reduce using rule 15 (expression)


State 39

   18 expression: constant .

    $default  reduce using rule 18 (expression)


State 40

    6 constant_defs: constant_defs T_SEMI T_ID . T_EQU expression

    T_EQU  shift, and go to state 79


State 41

   63 sub_header: T_FUNCTION T_ID . formal_parameters T_COLON typename

    T_LPAREN  shift, and go to state 80

    $default  reduce using rule 67 (formal_parameters)

    formal_parameters  go to state 81


State 42

   64 sub_header: T_PROCEDURE T_ID . formal_parameters

    T_LPAREN  shift, and go to state 80

    $default  reduce using rule 67 (formal_parameters)

    formal_parameters  go to state 82


State 43

   86 if_statement: error .

    $default  reduce using rule 86 (if_statement)


State 44

   84 if_statement: T_IF . expression T_THEN statement T_SEMI
   85             | T_IF . expression T_THEN statement T_SEMI T_ELSE statement

    T_LENGTH  shift, and go to state 27
    T_ID      shift, and go to state 28
    T_SCONST  shift, and go to state 29
    T_ICONST  shift, and go to state 30
    T_RCONST  shift, and go to state 31
    T_BCONST  shift, and go to state 32
    T_CCONST  shift, and go to state 33
    T_ADDOP   shift, and go to state 34
    T_NOTOP   shift, and go to state 35
    T_LPAREN  shift, and go to state 36

    expression  go to state 83
    variable    go to state 38
    constant    go to state 39


State 45

   88 while_statement: T_WHILE . expression $@1 T_DO statement

    T_LENGTH  shift, and go to state 27
    T_ID      shift, and go to state 28
    T_SCONST  shift, and go to state 29
    T_ICONST  shift, and go to state 30
    T_RCONST  shift, and go to state 31
    T_BCONST  shift, and go to state 32
    T_CCONST  shift, and go to state 33
    T_ADDOP   shift, and go to state 34
    T_NOTOP   shift, and go to state 35
    T_LPAREN  shift, and go to state 36

    expression  go to state 84
    variable    go to state 38
    constant    go to state 39


State 46

   90 for_statement: T_FOR . T_ID T_ASSIGN iter_space $@2 T_DO statement

    T_ID  shift, and go to state 85


State 47

   95 io_statement: T_READ . T_LPAREN read_list T_RPAREN

    T_LPAREN  shift, and go to state 86


State 48

   96 io_statement: T_WRITE . T_LPAREN write_list T_RPAREN

    T_LPAREN  shift, and go to state 87


State 49

   20 variable: T_ID .
   93 subprogram_call: T_ID .
   94                | T_ID . T_LPAREN expression T_RPAREN

    T_LPAREN  shift, and go to state 88

    T_END     reduce using rule 93 (subprogram_call)
    T_SEMI    reduce using rule 93 (subprogram_call)
    $default  reduce using rule 20 (variable)


State 50

   21 variable: variable . T_LBRACK expressions T_RBRACK
   83 assignment: variable . T_ASSIGN expression

    T_LBRACK  shift, and go to state 78
    T_ASSIGN  shift, and go to state 89


State 51

   81 statement: comp_statement .

    $default  reduce using rule 81 (statement)


State 52

   72 comp_statement: T_BEGIN statements . T_END
   73 statements: statements . T_SEMI statement

    T_END   shift, and go to state 90
    T_SEMI  shift, and go to state 91


State 53

   74 statements: statement .

    $default  reduce using rule 74 (statements)


State 54

   75 statement: assignment .

    $default  reduce using rule 75 (statement)


State 55

   76 statement: if_statement .

    $default  reduce using rule 76 (statement)


State 56

   77 statement: while_statement .

    $default  reduce using rule 77 (statement)


State 57

   78 statement: for_statement .

    $default  reduce using rule 78 (statement)


State 58

   79 statement: subprogram_call .

    $default  reduce using rule 79 (statement)


State 59

   80 statement: io_statement .

    $default  reduce using rule 80 (statement)


State 60

   59 subprograms: subprograms subprogram T_SEMI .

    $default  reduce using rule 59 (subprograms)


State 61

   61 subprogram: sub_header T_SEMI . T_FORWARD
   62           | sub_header T_SEMI . declarations subprograms comp_statement

    T_CONST    shift, and go to state 6
    T_FORWARD  shift, and go to state 92

    $default  reduce using rule 5 (constdefs)

    declarations  go to state 93
    constdefs     go to state 8


State 62

    1 program: header declarations subprograms comp_statement T_DOT .

    $default  reduce using rule 1 (program)


State 63

   32 type_defs: T_ID T_EQU . type_def

    T_ARRAY   shift, and go to state 94
    T_ID      shift, and go to state 95
    T_BCONST  shift, and go to state 96
    T_CCONST  shift, and go to state 97
    T_ADDOP   shift, and go to state 98
    T_LPAREN  shift, and go to state 99

    $default  reduce using rule 46 (sign)

    type_def  go to state 100
    limit     go to state 101
    sign      go to state 102


State 64

   29 typedefs: T_TYPE type_defs T_SEMI .
   31 type_defs: type_defs T_SEMI . T_ID T_EQU type_def

    T_ID  shift, and go to state 103

    $default  reduce using rule 29 (typedefs)


State 65

   57 identifiers: T_ID .

    $default  reduce using rule 57 (identifiers)


State 66

   53 vardefs: T_VAR variable_defs . T_SEMI
   55 variable_defs: variable_defs . T_SEMI identifiers T_COLON typename

    T_SEMI  shift, and go to state 104


State 67

   56 variable_defs: identifiers . T_COLON typename
   58 identifiers: identifiers . T_COMMA T_ID

    T_COMMA  shift, and go to state 105
    T_COLON  shift, and go to state 106


State 68

   17 expression: T_LENGTH T_LPAREN . expression T_RPAREN

    T_LENGTH  shift, and go to state 27
    T_ID      shift, and go to state 28
    T_SCONST  shift, and go to state 29
    T_ICONST  shift, and go to state 30
    T_RCONST  shift, and go to state 31
    T_BCONST  shift, and go to state 32
    T_CCONST  shift, and go to state 33
    T_ADDOP   shift, and go to state 34
    T_NOTOP   shift, and go to state 35
    T_LPAREN  shift, and go to state 36

    expression  go to state 107
    variable    go to state 38
    constant    go to state 39


State 69

   16 expression: T_ID T_LPAREN . expressions T_RPAREN

    T_LENGTH  shift, and go to state 27
    T_ID      shift, and go to state 28
    T_SCONST  shift, and go to state 29
    T_ICONST  shift, and go to state 30
    T_RCONST  shift, and go to state 31
    T_BCONST  shift, and go to state 32
    T_CCONST  shift, and go to state 33
    T_ADDOP   shift, and go to state 34
    T_NOTOP   shift, and go to state 35
    T_LPAREN  shift, and go to state 36

    expression   go to state 108
    variable     go to state 38
    expressions  go to state 109
    constant     go to state 39


State 70

    8 expression: expression . T_RELOP expression
    9           | expression . T_EQU expression
   10           | expression . T_OROP expression
   11           | expression . T_ADDOP expression
   12           | expression . T_MULDIVANDOP expression
   13           | T_ADDOP expression .

    T_MULDIVANDOP  shift, and go to state 76
    T_EQU          shift, and go to state 77

    $default  reduce using rule 13 (expression)


State 71

    8 expression: expression . T_RELOP expression
    9           | expression . T_EQU expression
   10           | expression . T_OROP expression
   11           | expression . T_ADDOP expression
   12           | expression . T_MULDIVANDOP expression
   14           | T_NOTOP expression .

    T_ADDOP        shift, and go to state 74
    T_MULDIVANDOP  shift, and go to state 76
    T_EQU          shift, and go to state 77

    $default  reduce using rule 14 (expression)


State 72

    8 expression: expression . T_RELOP expression
    9           | expression . T_EQU expression
   10           | expression . T_OROP expression
   11           | expression . T_ADDOP expression
   12           | expression . T_MULDIVANDOP expression
   19           | T_LPAREN expression . T_RPAREN

    T_RELOP        shift, and go to state 73
    T_ADDOP        shift, and go to state 74
    T_OROP         shift, and go to state 75
    T_MULDIVANDOP  shift, and go to state 76
    T_RPAREN       shift, and go to state 110
    T_EQU          shift, and go to state 77


State 73

    8 expression: expression T_RELOP . expression

    T_LENGTH  shift, and go to state 27
    T_ID      shift, and go to state 28
    T_SCONST  shift, and go to state 29
    T_ICONST  shift, and go to state 30
    T_RCONST  shift, and go to state 31
    T_BCONST  shift, and go to state 32
    T_CCONST  shift, and go to state 33
    T_ADDOP   shift, and go to state 34
    T_NOTOP   shift, and go to state 35
    T_LPAREN  shift, and go to state 36

    expression  go to state 111
    variable    go to state 38
    constant    go to state 39


State 74

   11 expression: expression T_ADDOP . expression

    T_LENGTH  shift, and go to state 27
    T_ID      shift, and go to state 28
    T_SCONST  shift, and go to state 29
    T_ICONST  shift, and go to state 30
    T_RCONST  shift, and go to state 31
    T_BCONST  shift, and go to state 32
    T_CCONST  shift, and go to state 33
    T_ADDOP   shift, and go to state 34
    T_NOTOP   shift, and go to state 35
    T_LPAREN  shift, and go to state 36

    expression  go to state 112
    variable    go to state 38
    constant    go to state 39


State 75

   10 expression: expression T_OROP . expression

    T_LENGTH  shift, and go to state 27
    T_ID      shift, and go to state 28
    T_SCONST  shift, and go to state 29
    T_ICONST  shift, and go to state 30
    T_RCONST  shift, and go to state 31
    T_BCONST  shift, and go to state 32
    T_CCONST  shift, and go to state 33
    T_ADDOP   shift, and go to state 34
    T_NOTOP   shift, and go to state 35
    T_LPAREN  shift, and go to state 36

    expression  go to state 113
    variable    go to state 38
    constant    go to state 39


State 76

   12 expression: expression T_MULDIVANDOP . expression

    T_LENGTH  shift, and go to state 27
    T_ID      shift, and go to state 28
    T_SCONST  shift, and go to state 29
    T_ICONST  shift, and go to state 30
    T_RCONST  shift, and go to state 31
    T_BCONST  shift, and go to state 32
    T_CCONST  shift, and go to state 33
    T_ADDOP   shift, and go to state 34
    T_NOTOP   shift, and go to state 35
    T_LPAREN  shift, and go to state 36

    expression  go to state 114
    variable    go to state 38
    constant    go to state 39


State 77

    9 expression: expression T_EQU . expression

    T_LENGTH  shift, and go to state 27
    T_ID      shift, and go to state 28
    T_SCONST  shift, and go to state 29
    T_ICONST  shift, and go to state 30
    T_RCONST  shift, and go to state 31
    T_BCONST  shift, and go to state 32
    T_CCONST  shift, and go to state 33
    T_ADDOP   shift, and go to state 34
    T_NOTOP   shift, and go to state 35
    T_LPAREN  shift, and go to state 36

    expression  go to state 115
    variable    go to state 38
    constant    go to state 39


State 78

   21 variable: variable T_LBRACK . expressions T_RBRACK

    T_LENGTH  shift, and go to state 27
    T_ID      shift, and go to state 28
    T_SCONST  shift, and go to state 29
    T_ICONST  shift, and go to state 30
    T_RCONST  shift, and go to state 31
    T_BCONST  shift, and go to state 32
    T_CCONST  shift, and go to state 33
    T_ADDOP   shift, and go to state 34
    T_NOTOP   shift, and go to state 35
    T_LPAREN  shift, and go to state 36

    expression   go to state 108
    variable     go to state 38
    expressions  go to state 116
    constant     go to state 39


State 79

    6 constant_defs: constant_defs T_SEMI T_ID T_EQU . expression

    T_LENGTH  shift, and go to state 27
    T_ID      shift, and go to state 28
    T_SCONST  shift, and go to state 29
    T_ICONST  shift, and go to state 30
    T_RCONST  shift, and go to state 31
    T_BCONST  shift, and go to state 32
    T_CCONST  shift, and go to state 33
    T_ADDOP   shift, and go to state 34
    T_NOTOP   shift, and go to state 35
    T_LPAREN  shift, and go to state 36

    expression  go to state 117
    variable    go to state 38
    constant    go to state 39


State 80

   66 formal_parameters: T_LPAREN . parameter_list T_RPAREN

    T_VAR  shift, and go to state 118

    $default  reduce using rule 71 (pass)

    parameter_list  go to state 119
    pass            go to state 120


State 81

   63 sub_header: T_FUNCTION T_ID formal_parameters . T_COLON typename

    T_COLON  shift, and go to state 121


State 82

   64 sub_header: T_PROCEDURE T_ID formal_parameters .

    $default  reduce using rule 64 (sub_header)


State 83

    8 expression: expression . T_RELOP expression
    9           | expression . T_EQU expression
   10           | expression . T_OROP expression
   11           | expression . T_ADDOP expression
   12           | expression . T_MULDIVANDOP expression
   84 if_statement: T_IF expression . T_THEN statement T_SEMI
   85             | T_IF expression . T_THEN statement T_SEMI T_ELSE statement

    T_THEN         shift, and go to state 122
    T_RELOP        shift, and go to state 73
    T_ADDOP        shift, and go to state 74
    T_OROP         shift, and go to state 75
    T_MULDIVANDOP  shift, and go to state 76
    T_EQU          shift, and go to state 77


State 84

    8 expression: expression . T_RELOP expression
    9           | expression . T_EQU expression
   10           | expression . T_OROP expression
   11           | expression . T_ADDOP expression
   12           | expression . T_MULDIVANDOP expression
   88 while_statement: T_WHILE expression . $@1 T_DO statement

    T_RELOP        shift, and go to state 73
    T_ADDOP        shift, and go to state 74
    T_OROP         shift, and go to state 75
    T_MULDIVANDOP  shift, and go to state 76
    T_EQU          shift, and go to state 77

    $default  reduce using rule 87 ($@1)

    $@1  go to state 123


State 85

   90 for_statement: T_FOR T_ID . T_ASSIGN iter_space $@2 T_DO statement

    T_ASSIGN  shift, and go to state 124


State 86

   95 io_statement: T_READ T_LPAREN . read_list T_RPAREN

    T_ID  shift, and go to state 125

    variable   go to state 126
    read_list  go to state 127
    read_item  go to state 128


State 87

   96 io_statement: T_WRITE T_LPAREN . write_list T_RPAREN

    T_LENGTH  shift, and go to state 27
    T_ID      shift, and go to state 28
    T_SCONST  shift, and go to state 29
    T_ICONST  shift, and go to state 30
    T_RCONST  shift, and go to state 31
    T_BCONST  shift, and go to state 32
    T_CCONST  shift, and go to state 33
    T_ADDOP   shift, and go to state 34
    T_NOTOP   shift, and go to state 35
    T_LPAREN  shift, and go to state 36

    $default  reduce using rule 102 (write_list)

    expression  go to state 129
    variable    go to state 38
    constant    go to state 39
    write_list  go to state 130
    write_item  go to state 131


State 88

   94 subprogram_call: T_ID T_LPAREN . expression T_RPAREN

    T_LENGTH  shift, and go to state 27
    T_ID      shift, and go to state 28
    T_SCONST  shift, and go to state 29
    T_ICONST  shift, and go to state 30
    T_RCONST  shift, and go to state 31
    T_BCONST  shift, and go to state 32
    T_CCONST  shift, and go to state 33
    T_ADDOP   shift, and go to state 34
    T_NOTOP   shift, and go to state 35
    T_LPAREN  shift, and go to state 36

    expression  go to state 132
    variable    go to state 38
    constant    go to state 39


State 89

   83 assignment: variable T_ASSIGN . expression

    T_LENGTH  shift, and go to state 27
    T_ID      shift, and go to state 28
    T_SCONST  shift, and go to state 29
    T_ICONST  shift, and go to state 30
    T_RCONST  shift, and go to state 31
    T_BCONST  shift, and go to state 32
    T_CCONST  shift, and go to state 33
    T_ADDOP   shift, and go to state 34
    T_NOTOP   shift, and go to state 35
    T_LPAREN  shift, and go to state 36

    expression  go to state 133
    variable    go to state 38
    constant    go to state 39


State 90

   72 comp_statement: T_BEGIN statements T_END .

    $default  reduce using rule 72 (comp_statement)


State 91

   73 statements: statements T_SEMI . statement

    error    shift, and go to state 43
    T_BEGIN  shift, and go to state 19
    T_IF     shift, and go to state 44
    T_WHILE  shift, and go to state 45
    T_FOR    shift, and go to state 46
    T_READ   shift, and go to state 47
    T_WRITE  shift, and go to state 48
    T_ID     shift, and go to state 49

    T_END   reduce using rule 82 (statement)
    T_SEMI  reduce using rule 82 (statement)

    variable         go to state 50
    comp_statement   go to state 51
    statement        go to state 134
    assignment       go to state 54
    if_statement     go to state 55
    while_statement  go to state 56
    for_statement    go to state 57
    subprogram_call  go to state 58
    io_statement     go to state 59


State 92

   61 subprogram: sub_header T_SEMI T_FORWARD .

    $default  reduce using rule 61 (subprogram)


State 93

   62 subprogram: sub_header T_SEMI declarations . subprograms comp_statement

    $default  reduce using rule 60 (subprograms)

    subprograms  go to state 135


State 94

   33 type_def: T_ARRAY . T_LBRACK dims T_RBRACK T_OF typename

    T_LBRACK  shift, and go to state 136


State 95

   44 limit: T_ID .

    $default  reduce using rule 44 (limit)


State 96

   42 limit: T_BCONST .

    $default  reduce using rule 42 (limit)


State 97

   41 limit: T_CCONST .

    $default  reduce using rule 41 (limit)


State 98

   43 limit: T_ADDOP . T_ID
   45 sign: T_ADDOP .

    T_ID  shift, and go to state 137

    $default  reduce using rule 45 (sign)


State 99

   34 type_def: T_LPAREN . identifiers T_RPAREN

    T_ID  shift, and go to state 65

    identifiers  go to state 138


State 100

   32 type_defs: T_ID T_EQU type_def .

    $default  reduce using rule 32 (type_defs)


State 101

   35 type_def: limit . T_DOTDOT limit

    T_DOTDOT  shift, and go to state 139


State 102

   40 limit: sign . T_ICONST

    T_ICONST  shift, and go to state 140


State 103

   31 type_defs: type_defs T_SEMI T_ID . T_EQU type_def

    T_EQU  shift, and go to state 141


State 104

   53 vardefs: T_VAR variable_defs T_SEMI .
   55 variable_defs: variable_defs T_SEMI . identifiers T_COLON typename

    T_ID  shift, and go to state 65

    $default  reduce using rule 53 (vardefs)

    identifiers  go to state 142


State 105

   58 identifiers: identifiers T_COMMA . T_ID

    T_ID  shift, and go to state 143


State 106

   56 variable_defs: identifiers T_COLON . typename

    T_INTEGER  shift, and go to state 144
    T_REAL     shift, and go to state 145
    T_BOOLEAN  shift, and go to state 146
    T_CHAR     shift, and go to state 147
    T_STRING   shift, and go to state 148
    T_ID       shift, and go to state 149

    typename  go to state 150


State 107

    8 expression: expression . T_RELOP expression
    9           | expression . T_EQU expression
   10           | expression . T_OROP expression
   11           | expression . T_ADDOP expression
   12           | expression . T_MULDIVANDOP expression
   17           | T_LENGTH T_LPAREN expression . T_RPAREN

    T_RELOP        shift, and go to state 73
    T_ADDOP        shift, and go to state 74
    T_OROP         shift, and go to state 75
    T_MULDIVANDOP  shift, and go to state 76
    T_RPAREN       shift, and go to state 151
    T_EQU          shift, and go to state 77


State 108

    8 expression: expression . T_RELOP expression
    9           | expression . T_EQU expression
   10           | expression . T_OROP expression
   11           | expression . T_ADDOP expression
   12           | expression . T_MULDIVANDOP expression
   23 expressions: expression .

    T_RELOP        shift, and go to state 73
    T_ADDOP        shift, and go to state 74
    T_OROP         shift, and go to state 75
    T_MULDIVANDOP  shift, and go to state 76
    T_EQU          shift, and go to state 77

    $default  reduce using rule 23 (expressions)


State 109

   16 expression: T_ID T_LPAREN expressions . T_RPAREN
   22 expressions: expressions . T_COMMA expression

    T_RPAREN  shift, and go to state 152
    T_COMMA   shift, and go to state 153


State 110

   19 expression: T_LPAREN expression T_RPAREN .

    $default  reduce using rule 19 (expression)


State 111

    8 expression: expression . T_RELOP expression
    8           | expression T_RELOP expression .
    9           | expression . T_EQU expression
   10           | expression . T_OROP expression
   11           | expression . T_ADDOP expression
   12           | expression . T_MULDIVANDOP expression

    T_ADDOP        shift, and go to state 74
    T_MULDIVANDOP  shift, and go to state 76
    T_EQU          shift, and go to state 77

    T_RELOP  error (nonassociative)

    $default  reduce using rule 8 (expression)


State 112

    8 expression: expression . T_RELOP expression
    9           | expression . T_EQU expression
   10           | expression . T_OROP expression
   11           | expression . T_ADDOP expression
   11           | expression T_ADDOP expression .
   12           | expression . T_MULDIVANDOP expression

    T_MULDIVANDOP  shift, and go to state 76
    T_EQU          shift, and go to state 77

    $default  reduce using rule 11 (expression)


State 113

    8 expression: expression . T_RELOP expression
    9           | expression . T_EQU expression
   10           | expression . T_OROP expression
   10           | expression T_OROP expression .
   11           | expression . T_ADDOP expression
   12           | expression . T_MULDIVANDOP expression

    T_RELOP        shift, and go to state 73
    T_ADDOP        shift, and go to state 74
    T_MULDIVANDOP  shift, and go to state 76
    T_EQU          shift, and go to state 77

    $default  reduce using rule 10 (expression)


State 114

    8 expression: expression . T_RELOP expression
    9           | expression . T_EQU expression
   10           | expression . T_OROP expression
   11           | expression . T_ADDOP expression
   12           | expression . T_MULDIVANDOP expression
   12           | expression T_MULDIVANDOP expression .

    T_EQU  shift, and go to state 77

    $default  reduce using rule 12 (expression)


State 115

    8 expression: expression . T_RELOP expression
    9           | expression . T_EQU expression
    9           | expression T_EQU expression .
   10           | expression . T_OROP expression
   11           | expression . T_ADDOP expression
   12           | expression . T_MULDIVANDOP expression

    T_EQU  shift, and go to state 77

    $default  reduce using rule 9 (expression)


State 116

   21 variable: variable T_LBRACK expressions . T_RBRACK
   22 expressions: expressions . T_COMMA expression

    T_COMMA   shift, and go to state 153
    T_RBRACK  shift, and go to state 154


State 117

    6 constant_defs: constant_defs T_SEMI T_ID T_EQU expression .
    8 expression: expression . T_RELOP expression
    9           | expression . T_EQU expression
   10           | expression . T_OROP expression
   11           | expression . T_ADDOP expression
   12           | expression . T_MULDIVANDOP expression

    T_RELOP        shift, and go to state 73
    T_ADDOP        shift, and go to state 74
    T_OROP         shift, and go to state 75
    T_MULDIVANDOP  shift, and go to state 76
    T_EQU          shift, and go to state 77

    $default  reduce using rule 6 (constant_defs)


State 118

   70 pass: T_VAR .

    $default  reduce using rule 70 (pass)


State 119

   66 formal_parameters: T_LPAREN parameter_list . T_RPAREN
   68 parameter_list: parameter_list . T_SEMI pass identifiers T_COLON typename

    T_RPAREN  shift, and go to state 155
    T_SEMI    shift, and go to state 156


State 120

   69 parameter_list: pass . identifiers T_COLON typename

    T_ID  shift, and go to state 65

    identifiers  go to state 157


State 121

   63 sub_header: T_FUNCTION T_ID formal_parameters T_COLON . typename

    T_INTEGER  shift, and go to state 144
    T_REAL     shift, and go to state 145
    T_BOOLEAN  shift, and go to state 146
    T_CHAR     shift, and go to state 147
    T_STRING   shift, and go to state 148
    T_ID       shift, and go to state 149

    typename  go to state 158


State 122

   84 if_statement: T_IF expression T_THEN . statement T_SEMI
   85             | T_IF expression T_THEN . statement T_SEMI T_ELSE statement

    error    shift, and go to state 43
    T_BEGIN  shift, and go to state 19
    T_IF     shift, and go to state 44
    T_WHILE  shift, and go to state 45
    T_FOR    shift, and go to state 46
    T_READ   shift, and go to state 47
    T_WRITE  shift, and go to state 48
    T_ID     shift, and go to state 49

    T_SEMI  reduce using rule 82 (statement)

    variable         go to state 50
    comp_statement   go to state 51
    statement        go to state 159
    assignment       go to state 54
    if_statement     go to state 55
    while_statement  go to state 56
    for_statement    go to state 57
    subprogram_call  go to state 58
    io_statement     go to state 59


State 123

   88 while_statement: T_WHILE expression $@1 . T_DO statement

    T_DO  shift, and go to state 160


State 124

   90 for_statement: T_FOR T_ID T_ASSIGN . iter_space $@2 T_DO statement

    T_LENGTH  shift, and go to state 27
    T_ID      shift, and go to state 28
    T_SCONST  shift, and go to state 29
    T_ICONST  shift, and go to state 30
    T_RCONST  shift, and go to state 31
    T_BCONST  shift, and go to state 32
    T_CCONST  shift, and go to state 33
    T_ADDOP   shift, and go to state 34
    T_NOTOP   shift, and go to state 35
    T_LPAREN  shift, and go to state 36

    expression  go to state 161
    variable    go to state 38
    constant    go to state 39
    iter_space  go to state 162


State 125

   20 variable: T_ID .

    $default  reduce using rule 20 (variable)


State 126

   21 variable: variable . T_LBRACK expressions T_RBRACK
   99 read_item: variable .

    T_LBRACK  shift, and go to state 78

    $default  reduce using rule 99 (read_item)


State 127

   95 io_statement: T_READ T_LPAREN read_list . T_RPAREN
   97 read_list: read_list . T_COMMA read_item

    T_RPAREN  shift, and go to state 163
    T_COMMA   shift, and go to state 164


State 128

   98 read_list: read_item .

    $default  reduce using rule 98 (read_list)


State 129

    8 expression: expression . T_RELOP expression
    9           | expression . T_EQU expression
   10           | expression . T_OROP expression
   11           | expression . T_ADDOP expression
   12           | expression . T_MULDIVANDOP expression
  103 write_item: expression .

    T_RELOP        shift, and go to state 73
    T_ADDOP        shift, and go to state 74
    T_OROP         shift, and go to state 75
    T_MULDIVANDOP  shift, and go to state 76
    T_EQU          shift, and go to state 77

    $default  reduce using rule 103 (write_item)


State 130

   96 io_statement: T_WRITE T_LPAREN write_list . T_RPAREN
  100 write_list: write_list . T_COMMA write_item

    T_RPAREN  shift, and go to state 165
    T_COMMA   shift, and go to state 166


State 131

  101 write_list: write_item .

    $default  reduce using rule 101 (write_list)


State 132

    8 expression: expression . T_RELOP expression
    9           | expression . T_EQU expression
   10           | expression . T_OROP expression
   11           | expression . T_ADDOP expression
   12           | expression . T_MULDIVANDOP expression
   94 subprogram_call: T_ID T_LPAREN expression . T_RPAREN

    T_RELOP        shift, and go to state 73
    T_ADDOP        shift, and go to state 74
    T_OROP         shift, and go to state 75
    T_MULDIVANDOP  shift, and go to state 76
    T_RPAREN       shift, and go to state 167
    T_EQU          shift, and go to state 77


State 133

    8 expression: expression . T_RELOP expression
    9           | expression . T_EQU expression
   10           | expression . T_OROP expression
   11           | expression . T_ADDOP expression
   12           | expression . T_MULDIVANDOP expression
   83 assignment: variable T_ASSIGN expression .

    T_RELOP        shift, and go to state 73
    T_ADDOP        shift, and go to state 74
    T_OROP         shift, and go to state 75
    T_MULDIVANDOP  shift, and go to state 76
    T_EQU          shift, and go to state 77

    $default  reduce using rule 83 (assignment)


State 134

   73 statements: statements T_SEMI statement .

    $default  reduce using rule 73 (statements)


State 135

   59 subprograms: subprograms . subprogram T_SEMI
   62 subprogram: sub_header T_SEMI declarations subprograms . comp_statement

    T_FUNCTION   shift, and go to state 17
    T_PROCEDURE  shift, and go to state 18
    T_BEGIN      shift, and go to state 19

    subprogram      go to state 20
    sub_header      go to state 21
    comp_statement  go to state 168


State 136

   33 type_def: T_ARRAY T_LBRACK . dims T_RBRACK T_OF typename

    T_ID      shift, and go to state 169
    T_BCONST  shift, and go to state 96
    T_CCONST  shift, and go to state 97
    T_ADDOP   shift, and go to state 98

    $default  reduce using rule 46 (sign)

    dims    go to state 170
    limits  go to state 171
    limit   go to state 172
    sign    go to state 102


State 137

   43 limit: T_ADDOP T_ID .

    $default  reduce using rule 43 (limit)


State 138

   34 type_def: T_LPAREN identifiers . T_RPAREN
   58 identifiers: identifiers . T_COMMA T_ID

    T_RPAREN  shift, and go to state 173
    T_COMMA   shift, and go to state 105


State 139

   35 type_def: limit T_DOTDOT . limit

    T_ID      shift, and go to state 95
    T_BCONST  shift, and go to state 96
    T_CCONST  shift, and go to state 97
    T_ADDOP   shift, and go to state 98

    $default  reduce using rule 46 (sign)

    limit  go to state 174
    sign   go to state 102


State 140

   40 limit: sign T_ICONST .

    $default  reduce using rule 40 (limit)


State 141

   31 type_defs: type_defs T_SEMI T_ID T_EQU . type_def

    T_ARRAY   shift, and go to state 94
    T_ID      shift, and go to state 95
    T_BCONST  shift, and go to state 96
    T_CCONST  shift, and go to state 97
    T_ADDOP   shift, and go to state 98
    T_LPAREN  shift, and go to state 99

    $default  reduce using rule 46 (sign)

    type_def  go to state 175
    limit     go to state 101
    sign      go to state 102


State 142

   55 variable_defs: variable_defs T_SEMI identifiers . T_COLON typename
   58 identifiers: identifiers . T_COMMA T_ID

    T_COMMA  shift, and go to state 105
    T_COLON  shift, and go to state 176


State 143

   58 identifiers: identifiers T_COMMA T_ID .

    $default  reduce using rule 58 (identifiers)


State 144

   47 typename: T_INTEGER .

    $default  reduce using rule 47 (typename)


State 145

   48 typename: T_REAL .

    $default  reduce using rule 48 (typename)


State 146

   49 typename: T_BOOLEAN .

    $default  reduce using rule 49 (typename)


State 147

   50 typename: T_CHAR .

    $default  reduce using rule 50 (typename)


State 148

   51 typename: T_STRING .

    $default  reduce using rule 51 (typename)


State 149

   52 typename: T_ID .

    $default  reduce using rule 52 (typename)


State 150

   56 variable_defs: identifiers T_COLON typename .

    $default  reduce using rule 56 (variable_defs)


State 151

   17 expression: T_LENGTH T_LPAREN expression T_RPAREN .

    $default  reduce using rule 17 (expression)


State 152

   16 expression: T_ID T_LPAREN expressions T_RPAREN .

    $default  reduce using rule 16 (expression)


State 153

   22 expressions: expressions T_COMMA . expression

    T_LENGTH  shift, and go to state 27
    T_ID      shift, and go to state 28
    T_SCONST  shift, and go to state 29
    T_ICONST  shift, and go to state 30
    T_RCONST  shift, and go to state 31
    T_BCONST  shift, and go to state 32
    T_CCONST  shift, and go to state 33
    T_ADDOP   shift, and go to state 34
    T_NOTOP   shift, and go to state 35
    T_LPAREN  shift, and go to state 36

    expression  go to state 177
    variable    go to state 38
    constant    go to state 39


State 154

   21 variable: variable T_LBRACK expressions T_RBRACK .

    $default  reduce using rule 21 (variable)


State 155

   66 formal_parameters: T_LPAREN parameter_list T_RPAREN .

    $default  reduce using rule 66 (formal_parameters)


State 156

   68 parameter_list: parameter_list T_SEMI . pass identifiers T_COLON typename

    T_VAR  shift, and go to state 118

    $default  reduce using rule 71 (pass)

    pass  go to state 178


State 157

   58 identifiers: identifiers . T_COMMA T_ID
   69 parameter_list: pass identifiers . T_COLON typename

    T_COMMA  shift, and go to state 105
    T_COLON  shift, and go to state 179


State 158

   63 sub_header: T_FUNCTION T_ID formal_parameters T_COLON typename .

    $default  reduce using rule 63 (sub_header)


State 159

   84 if_statement: T_IF expression T_THEN statement . T_SEMI
   85             | T_IF expression T_THEN statement . T_SEMI T_ELSE statement

    T_SEMI  shift, and go to state 180


State 160

   88 while_statement: T_WHILE expression $@1 T_DO . statement

    error    shift, and go to state 43
    T_BEGIN  shift, and go to state 19
    T_IF     shift, and go to state 44
    T_WHILE  shift, and go to state 45
    T_FOR    shift, and go to state 46
    T_READ   shift, and go to state 47
    T_WRITE  shift, and go to state 48
    T_ID     shift, and go to state 49

    T_END   reduce using rule 82 (statement)
    T_SEMI  reduce using rule 82 (statement)

    variable         go to state 50
    comp_statement   go to state 51
    statement        go to state 181
    assignment       go to state 54
    if_statement     go to state 55
    while_statement  go to state 56
    for_statement    go to state 57
    subprogram_call  go to state 58
    io_statement     go to state 59


State 161

    8 expression: expression . T_RELOP expression
    9           | expression . T_EQU expression
   10           | expression . T_OROP expression
   11           | expression . T_ADDOP expression
   12           | expression . T_MULDIVANDOP expression
   91 iter_space: expression . T_TO expression
   92           | expression . T_DOWNTO expression

    T_DOWNTO       shift, and go to state 182
    T_TO           shift, and go to state 183
    T_RELOP        shift, and go to state 73
    T_ADDOP        shift, and go to state 74
    T_OROP         shift, and go to state 75
    T_MULDIVANDOP  shift, and go to state 76
    T_EQU          shift, and go to state 77


State 162

   90 for_statement: T_FOR T_ID T_ASSIGN iter_space . $@2 T_DO statement

    $default  reduce using rule 89 ($@2)

    $@2  go to state 184


State 163

   95 io_statement: T_READ T_LPAREN read_list T_RPAREN .

    $default  reduce using rule 95 (io_statement)


State 164

   97 read_list: read_list T_COMMA . read_item

    T_ID  shift, and go to state 125

    variable   go to state 126
    read_item  go to state 185


State 165

   96 io_statement: T_WRITE T_LPAREN write_list T_RPAREN .

    $default  reduce using rule 96 (io_statement)


State 166

  100 write_list: write_list T_COMMA . write_item

    T_LENGTH  shift, and go to state 27
    T_ID      shift, and go to state 28
    T_SCONST  shift, and go to state 29
    T_ICONST  shift, and go to state 30
    T_RCONST  shift, and go to state 31
    T_BCONST  shift, and go to state 32
    T_CCONST  shift, and go to state 33
    T_ADDOP   shift, and go to state 34
    T_NOTOP   shift, and go to state 35
    T_LPAREN  shift, and go to state 36

    expression  go to state 129
    variable    go to state 38
    constant    go to state 39
    write_item  go to state 186


State 167

   94 subprogram_call: T_ID T_LPAREN expression T_RPAREN .

    $default  reduce using rule 94 (subprogram_call)


State 168

   62 subprogram: sub_header T_SEMI declarations subprograms comp_statement .

    $default  reduce using rule 62 (subprogram)


State 169

   39 limits: T_ID .
   44 limit: T_ID .

    T_DOTDOT  reduce using rule 44 (limit)
    $default  reduce using rule 39 (limits)


State 170

   33 type_def: T_ARRAY T_LBRACK dims . T_RBRACK T_OF typename
   36 dims: dims . T_COMMA limits

    T_COMMA   shift, and go to state 187
    T_RBRACK  shift, and go to state 188


State 171

   37 dims: limits .

    $default  reduce using rule 37 (dims)


State 172

   38 limits: limit . T_DOTDOT limit

    T_DOTDOT  shift, and go to state 189


State 173

   34 type_def: T_LPAREN identifiers T_RPAREN .

    $default  reduce using rule 34 (type_def)


State 174

   35 type_def: limit T_DOTDOT limit .

    $default  reduce using rule 35 (type_def)


State 175

   31 type_defs: type_defs T_SEMI T_ID T_EQU type_def .

    $default  reduce using rule 31 (type_defs)


State 176

   55 variable_defs: variable_defs T_SEMI identifiers T_COLON . typename

    T_INTEGER  shift, and go to state 144
    T_REAL     shift, and go to state 145
    T_BOOLEAN  shift, and go to state 146
    T_CHAR     shift, and go to state 147
    T_STRING   shift, and go to state 148
    T_ID       shift, and go to state 149

    typename  go to state 190


State 177

    8 expression: expression . T_RELOP expression
    9           | expression . T_EQU expression
   10           | expression . T_OROP expression
   11           | expression . T_ADDOP expression
   12           | expression . T_MULDIVANDOP expression
   22 expressions: expressions T_COMMA expression .

    T_RELOP        shift, and go to state 73
    T_ADDOP        shift, and go to state 74
    T_OROP         shift, and go to state 75
    T_MULDIVANDOP  shift, and go to state 76
    T_EQU          shift, and go to state 77

    $default  reduce using rule 22 (expressions)


State 178

   68 parameter_list: parameter_list T_SEMI pass . identifiers T_COLON typename

    T_ID  shift, and go to state 65

    identifiers  go to state 191


State 179

   69 parameter_list: pass identifiers T_COLON . typename

    T_INTEGER  shift, and go to state 144
    T_REAL     shift, and go to state 145
    T_BOOLEAN  shift, and go to state 146
    T_CHAR     shift, and go to state 147
    T_STRING   shift, and go to state 148
    T_ID       shift, and go to state 149

    typename  go to state 192


State 180

   84 if_statement: T_IF expression T_THEN statement T_SEMI .
   85             | T_IF expression T_THEN statement T_SEMI . T_ELSE statement

    T_ELSE  shift, and go to state 193

    $default  reduce using rule 84 (if_statement)


State 181

   88 while_statement: T_WHILE expression $@1 T_DO statement .

    $default  reduce using rule 88 (while_statement)


State 182

   92 iter_space: expression T_DOWNTO . expression

    T_LENGTH  shift, and go to state 27
    T_ID      shift, and go to state 28
    T_SCONST  shift, and go to state 29
    T_ICONST  shift, and go to state 30
    T_RCONST  shift, and go to state 31
    T_BCONST  shift, and go to state 32
    T_CCONST  shift, and go to state 33
    T_ADDOP   shift, and go to state 34
    T_NOTOP   shift, and go to state 35
    T_LPAREN  shift, and go to state 36

    expression  go to state 194
    variable    go to state 38
    constant    go to state 39


State 183

   91 iter_space: expression T_TO . expression

    T_LENGTH  shift, and go to state 27
    T_ID      shift, and go to state 28
    T_SCONST  shift, and go to state 29
    T_ICONST  shift, and go to state 30
    T_RCONST  shift, and go to state 31
    T_BCONST  shift, and go to state 32
    T_CCONST  shift, and go to state 33
    T_ADDOP   shift, and go to state 34
    T_NOTOP   shift, and go to state 35
    T_LPAREN  shift, and go to state 36

    expression  go to state 195
    variable    go to state 38
    constant    go to state 39


State 184

   90 for_statement: T_FOR T_ID T_ASSIGN iter_space $@2 . T_DO statement

    T_DO  shift, and go to state 196


State 185

   97 read_list: read_list T_COMMA read_item .

    $default  reduce using rule 97 (read_list)


State 186

  100 write_list: write_list T_COMMA write_item .

    $default  reduce using rule 100 (write_list)


State 187

   36 dims: dims T_COMMA . limits

    T_ID      shift, and go to state 169
    T_BCONST  shift, and go to state 96
    T_CCONST  shift, and go to state 97
    T_ADDOP   shift, and go to state 98

    $default  reduce using rule 46 (sign)

    limits  go to state 197
    limit   go to state 172
    sign    go to state 102


State 188

   33 type_def: T_ARRAY T_LBRACK dims T_RBRACK . T_OF typename

    T_OF  shift, and go to state 198


State 189

   38 limits: limit T_DOTDOT . limit

    T_ID      shift, and go to state 95
    T_BCONST  shift, and go to state 96
    T_CCONST  shift, and go to state 97
    T_ADDOP   shift, and go to state 98

    $default  reduce using rule 46 (sign)

    limit  go to state 199
    sign   go to state 102


State 190

   55 variable_defs: variable_defs T_SEMI identifiers T_COLON typename .

    $default  reduce using rule 55 (variable_defs)


State 191

   58 identifiers: identifiers . T_COMMA T_ID
   68 parameter_list: parameter_list T_SEMI pass identifiers . T_COLON typename

    T_COMMA  shift, and go to state 105
    T_COLON  shift, and go to state 200


State 192

   69 parameter_list: pass identifiers T_COLON typename .

    $default  reduce using rule 69 (parameter_list)


State 193

   85 if_statement: T_IF expression T_THEN statement T_SEMI T_ELSE . statement

    error    shift, and go to state 43
    T_BEGIN  shift, and go to state 19
    T_IF     shift, and go to state 44
    T_WHILE  shift, and go to state 45
    T_FOR    shift, and go to state 46
    T_READ   shift, and go to state 47
    T_WRITE  shift, and go to state 48
    T_ID     shift, and go to state 49

    T_END   reduce using rule 82 (statement)
    T_SEMI  reduce using rule 82 (statement)

    variable         go to state 50
    comp_statement   go to state 51
    statement        go to state 201
    assignment       go to state 54
    if_statement     go to state 55
    while_statement  go to state 56
    for_statement    go to state 57
    subprogram_call  go to state 58
    io_statement     go to state 59


State 194

    8 expression: expression . T_RELOP expression
    9           | expression . T_EQU expression
   10           | expression . T_OROP expression
   11           | expression . T_ADDOP expression
   12           | expression . T_MULDIVANDOP expression
   92 iter_space: expression T_DOWNTO expression .

    T_RELOP        shift, and go to state 73
    T_ADDOP        shift, and go to state 74
    T_OROP         shift, and go to state 75
    T_MULDIVANDOP  shift, and go to state 76
    T_EQU          shift, and go to state 77

    $default  reduce using rule 92 (iter_space)


State 195

    8 expression: expression . T_RELOP expression
    9           | expression . T_EQU expression
   10           | expression . T_OROP expression
   11           | expression . T_ADDOP expression
   12           | expression . T_MULDIVANDOP expression
   91 iter_space: expression T_TO expression .

    T_RELOP        shift, and go to state 73
    T_ADDOP        shift, and go to state 74
    T_OROP         shift, and go to state 75
    T_MULDIVANDOP  shift, and go to state 76
    T_EQU          shift, and go to state 77

    $default  reduce using rule 91 (iter_space)


State 196

   90 for_statement: T_FOR T_ID T_ASSIGN iter_space $@2 T_DO . statement

    error    shift, and go to state 43
    T_BEGIN  shift, and go to state 19
    T_IF     shift, and go to state 44
    T_WHILE  shift, and go to state 45
    T_FOR    shift, and go to state 46
    T_READ   shift, and go to state 47
    T_WRITE  shift, and go to state 48
    T_ID     shift, and go to state 49

    T_END   reduce using rule 82 (statement)
    T_SEMI  reduce using rule 82 (statement)

    variable         go to state 50
    comp_statement   go to state 51
    statement        go to state 202
    assignment       go to state 54
    if_statement     go to state 55
    while_statement  go to state 56
    for_statement    go to state 57
    subprogram_call  go to state 58
    io_statement     go to state 59


State 197

   36 dims: dims T_COMMA limits .

    $default  reduce using rule 36 (dims)


State 198

   33 type_def: T_ARRAY T_LBRACK dims T_RBRACK T_OF . typename

    T_INTEGER  shift, and go to state 144
    T_REAL     shift, and go to state 145
    T_BOOLEAN  shift, and go to state 146
    T_CHAR     shift, and go to state 147
    T_STRING   shift, and go to state 148
    T_ID       shift, and go to state 149

    typename  go to state 203


State 199

   38 limits: limit T_DOTDOT limit .

    $default  reduce using rule 38 (limits)


State 200

   68 parameter_list: parameter_list T_SEMI pass identifiers T_COLON . typename

    T_INTEGER  shift, and go to state 144
    T_REAL     shift, and go to state 145
    T_BOOLEAN  shift, and go to state 146
    T_CHAR     shift, and go to state 147
    T_STRING   shift, and go to state 148
    T_ID       shift, and go to state 149

    typename  go to state 204


State 201

   85 if_statement: T_IF expression T_THEN statement T_SEMI T_ELSE statement .

    $default  reduce using rule 85 (if_statement)


State 202

   90 for_statement: T_FOR T_ID T_ASSIGN iter_space $@2 T_DO statement .

    $default  reduce using rule 90 (for_statement)


State 203

   33 type_def: T_ARRAY T_LBRACK dims T_RBRACK T_OF typename .

    $default  reduce using rule 33 (type_def)


State 204

   68 parameter_list: parameter_list T_SEMI pass identifiers T_COLON typename .

    $default  reduce using rule 68 (parameter_list)
